<?xml version="1.0" encoding="UTF-8"?>
<!-- Generated by org.testng.reporters.JUnitReportReporter -->
<testsuite skipped="0" hostname="DESKTOP-SAJBFO5" name="loginTestCases.Login" tests="4" failures="0" timestamp="27 Jun 2019 20:28:03 GMT" time="2.723" errors="0">
  <testcase name="loginWithBothIncorrect" time="0.416" classname="loginTestCases.Login"/>
  <testcase name="loginWithBothIncorrect" time="1.165" classname="loginTestCases.Login"/>
  <testcase name="loginWithBothIncorrect" time="0.443" classname="loginTestCases.Login"/>
  <testcase name="loginWithBothIncorrect" time="0.699" classname="loginTestCases.Login"/>
</testsuite> <!-- loginTestCases.Login -->
