<?xml version="1.0" encoding="UTF-8"?>
<!-- Generated by org.testng.reporters.JUnitReportReporter -->
<testsuite skipped="0" hostname="DESKTOP-SAJBFO5" name="loginTestCases.BothCorrect" tests="1" failures="0" timestamp="27 Jun 2019 18:45:35 GMT" time="6.488" errors="0">
  <testcase name="loginWithBothCorrrect" time="6.488" classname="loginTestCases.BothCorrect"/>
</testsuite> <!-- loginTestCases.BothCorrect -->
